2022-12-09 07:17:34,829 [Worker-3: Loading available Gradle versions] INFO  o.e.b.c.i.u.g.PublishedGradleVersions - Gradle version information cache is up-to-date. Trying to read.
2022-12-10 07:11:21,041 [Worker-5: Loading available Gradle versions] INFO  o.e.b.c.i.u.g.PublishedGradleVersions - Gradle version information cache is out-of-date. Trying to update.
2022-12-10 07:21:33,126 [Worker-12: Auto share git projects] WARN  org.eclipse.jgit.util.FS_Win32 - null
2022-12-12 07:06:33,257 [Worker-4: Loading available Gradle versions] INFO  o.e.b.c.i.u.g.PublishedGradleVersions - Gradle version information cache is out-of-date. Trying to update.
2022-12-12 07:06:36,691 [Worker-2: Decoration Calculation] WARN  org.eclipse.jgit.util.FS_Win32 - null
2022-12-13 07:19:29,982 [Worker-1: Loading available Gradle versions] INFO  o.e.b.c.i.u.g.PublishedGradleVersions - Gradle version information cache is out-of-date. Trying to update.
2022-12-13 07:19:44,426 [Worker-3: Decoration Calculation] WARN  org.eclipse.jgit.util.FS_Win32 - null
2022-12-15 07:07:30,417 [Worker-3: Loading available Gradle versions] INFO  o.e.b.c.i.u.g.PublishedGradleVersions - Gradle version information cache is up-to-date. Trying to read.
2022-12-15 07:07:44,700 [Worker-1: Decoration Calculation] WARN  org.eclipse.jgit.util.FS_Win32 - null
2022-12-16 07:06:49,276 [Worker-4: Loading available Gradle versions] INFO  o.e.b.c.i.u.g.PublishedGradleVersions - Gradle version information cache is up-to-date. Trying to read.
2022-12-16 07:06:52,444 [Worker-2: Decoration Calculation] WARN  org.eclipse.jgit.util.FS_Win32 - null
2022-12-17 07:15:30,244 [Worker-5: Loading available Gradle versions] INFO  o.e.b.c.i.u.g.PublishedGradleVersions - Gradle version information cache is out-of-date. Trying to update.
2022-12-17 07:15:52,669 [Worker-3: Decoration Calculation] WARN  org.eclipse.jgit.util.FS_Win32 - null
2022-12-20 07:18:07,452 [Worker-3: Loading available Gradle versions] INFO  o.e.b.c.i.u.g.PublishedGradleVersions - Gradle version information cache is up-to-date. Trying to read.
2022-12-20 07:18:15,426 [Worker-2: Decoration Calculation] WARN  org.eclipse.jgit.util.FS_Win32 - null
2022-12-22 07:02:40,294 [Worker-4: Loading available Gradle versions] INFO  o.e.b.c.i.u.g.PublishedGradleVersions - Gradle version information cache is up-to-date. Trying to read.
2022-12-22 07:02:48,678 [Worker-1: Decoration Calculation] WARN  org.eclipse.jgit.util.FS_Win32 - null
2022-12-24 07:09:31,219 [Worker-3: Loading available Gradle versions] INFO  o.e.b.c.i.u.g.PublishedGradleVersions - Gradle version information cache is up-to-date. Trying to read.
2022-12-24 07:09:38,791 [Worker-0: Decoration Calculation] WARN  org.eclipse.jgit.util.FS_Win32 - null
2022-12-25 07:04:56,987 [Worker-0: Loading available Gradle versions] INFO  o.e.b.c.i.u.g.PublishedGradleVersions - Gradle version information cache is out-of-date. Trying to update.
2022-12-25 07:05:09,386 [Worker-4: Decoration Calculation] WARN  org.eclipse.jgit.util.FS_Win32 - null
2022-12-28 07:16:02,263 [Worker-3: Loading available Gradle versions] INFO  o.e.b.c.i.u.g.PublishedGradleVersions - Gradle version information cache is out-of-date. Trying to update.
2022-12-28 07:16:51,630 [Worker-2: Decoration Calculation] WARN  org.eclipse.jgit.util.FS_Win32 - null
2022-12-29 07:03:16,047 [Worker-0: Loading available Gradle versions] INFO  o.e.b.c.i.u.g.PublishedGradleVersions - Gradle version information cache is up-to-date. Trying to read.
2022-12-29 07:03:21,540 [Worker-4: Decoration Calculation] WARN  org.eclipse.jgit.util.FS_Win32 - null
2022-12-29 07:14:04,773 [ModalContext] INFO  o.e.m.c.i.e.AbstractTransferListenerAdapter - Downloading https://repo.maven.apache.org/maven2/org/apache/maven/archetypes/maven-archetype-bundles/1.4/maven-archetype-bundles-1.4.pom
2022-12-29 07:14:05,099 [ModalContext] INFO  o.e.m.c.i.e.AbstractTransferListenerAdapter - Downloaded https://repo.maven.apache.org/maven2/org/apache/maven/archetypes/maven-archetype-bundles/1.4/maven-archetype-bundles-1.4.pom
2022-12-29 07:34:03,065 [Worker-14: Launching mavenrun-85630936-3efe-439c-9855-31efdeab3bcd] INFO  o.e.m.i.launch.MavenLaunchDelegate - D:\ConveyLabOnline\AdvanceJavaB16
2022-12-29 07:34:03,075 [Worker-14: Launching mavenrun-85630936-3efe-439c-9855-31efdeab3bcd] INFO  o.e.m.i.launch.MavenLaunchDelegate -  mvn -DarchetypeVersion=1.4 -Dpackage=com.xyz.HibernateMaven -DarchetypeGroupId=org.apache.maven.archetypes -DarchetypeArtifactId=maven-archetype-quickstart -DgroupId=com.xyz -DartifactId=HibernateMaven -DoutputDirectory=D:\ConveyLabOnline\AdvanceJavaB16 -Dversion=0.0.1-SNAPSHOT -Dstyle.color=always -U archetype:generate
2022-12-30 07:04:38,566 [Worker-2: Loading available Gradle versions] INFO  o.e.b.c.i.u.g.PublishedGradleVersions - Gradle version information cache is up-to-date. Trying to read.
2022-12-30 07:04:56,052 [Worker-1: Decoration Calculation] WARN  org.eclipse.jgit.util.FS_Win32 - null
2022-12-31 06:50:57,834 [Worker-0: Loading available Gradle versions] INFO  o.e.b.c.i.u.g.PublishedGradleVersions - Gradle version information cache is up-to-date. Trying to read.
2022-12-31 06:51:05,190 [Worker-4: Decoration Calculation] WARN  org.eclipse.jgit.util.FS_Win32 - null
2023-01-03 07:27:09,920 [Worker-5: Loading available Gradle versions] INFO  o.e.b.c.i.u.g.PublishedGradleVersions - Gradle version information cache is up-to-date. Trying to read.
2023-01-03 07:27:34,220 [Worker-4: Decoration Calculation] WARN  org.eclipse.jgit.util.FS_Win32 - null
2023-01-03 07:32:31,619 [Worker-7: Launching mavenrun-5b7137e9-7eef-416c-a9b2-5c1dd3cee00a] INFO  o.e.m.i.launch.MavenLaunchDelegate - D:\ConveyLabOnline\AdvanceJavaB16
2023-01-03 07:32:31,657 [Worker-7: Launching mavenrun-5b7137e9-7eef-416c-a9b2-5c1dd3cee00a] INFO  o.e.m.i.launch.MavenLaunchDelegate -  mvn -DarchetypeVersion=1.4 -Dpackage=com.xyz.HibernateMaven -DarchetypeGroupId=org.apache.maven.archetypes -DarchetypeArtifactId=maven-archetype-quickstart -DgroupId=com.xyz -DartifactId=HibernateMaven -DoutputDirectory=D:\ConveyLabOnline\AdvanceJavaB16 -Dversion=0.0.1-SNAPSHOT -Dstyle.color=always -U archetype:generate
2023-01-04 07:04:45,335 [Worker-2: Loading available Gradle versions] INFO  o.e.b.c.i.u.g.PublishedGradleVersions - Gradle version information cache is out-of-date. Trying to update.
2023-01-04 07:04:59,140 [Worker-1: Decoration Calculation] WARN  org.eclipse.jgit.util.FS_Win32 - null
2023-01-06 07:03:17,033 [Worker-3: Loading available Gradle versions] INFO  o.e.b.c.i.u.g.PublishedGradleVersions - Gradle version information cache is up-to-date. Trying to read.
2023-01-06 07:03:28,076 [Worker-0: Decoration Calculation] WARN  org.eclipse.jgit.util.FS_Win32 - null
2023-01-07 06:57:37,495 [Worker-4: Loading available Gradle versions] INFO  o.e.b.c.i.u.g.PublishedGradleVersions - Gradle version information cache is up-to-date. Trying to read.
2023-01-07 06:57:44,009 [Worker-5: Decoration Calculation] WARN  org.eclipse.jgit.util.FS_Win32 - null
2023-01-10 06:17:48,451 [Worker-0: Loading available Gradle versions] INFO  o.e.b.c.i.u.g.PublishedGradleVersions - Gradle version information cache is up-to-date. Trying to read.
2023-01-10 06:18:26,716 [Worker-2: Decoration Calculation] WARN  org.eclipse.jgit.util.FS_Win32 - null
2023-01-10 07:08:36,246 [Worker-32: Launching mavenrun-d790769a-c9a2-41bd-ac99-396f5d33955c] INFO  o.e.m.i.launch.MavenLaunchDelegate - D:\ConveyLabOnline\AdvanceJavaB16
2023-01-10 07:08:36,259 [Worker-32: Launching mavenrun-d790769a-c9a2-41bd-ac99-396f5d33955c] INFO  o.e.m.i.launch.MavenLaunchDelegate -  mvn -DarchetypeVersion=1.4 -Dpackage=com.xyz.SpringMavenP1 -DarchetypeGroupId=org.apache.maven.archetypes -DarchetypeArtifactId=maven-archetype-webapp -DgroupId=com.xyz -DartifactId=SpringMavenP1 -DoutputDirectory=D:\ConveyLabOnline\AdvanceJavaB16 -Dversion=0.0.1-SNAPSHOT -Dstyle.color=always -U archetype:generate
